2025-03-26 21:42:31,246 - INFO - ScriptRunner - Starting dashboard...
2025-03-26 21:42:31,246 - INFO - ScriptRunner - Loading data...
2025-03-26 21:42:31,247 - ERROR - ScriptRunner - File not found: [Errno 2] No such file or directory: 'data/gdp_dataset.csv'
2025-03-26 21:44:54,087 - INFO - ScriptRunner - Starting dashboard...
2025-03-26 21:44:54,087 - INFO - ScriptRunner - Loading data...
2025-03-26 21:44:54,087 - ERROR - ScriptRunner - File not found: [Errno 2] No such file or directory: '/home/tonso/code/10--learn/ml-macro/data/00--raw/macroeconomic/gdp_current_usd_world_bank.csv'
2025-03-26 21:45:22,662 - INFO - ScriptRunner - Starting dashboard...
2025-03-26 21:45:22,663 - INFO - ScriptRunner - Loading data...
2025-03-26 21:50:56,182 - INFO - ScriptRunner - Starting dashboard...
2025-03-26 21:50:56,182 - INFO - ScriptRunner - Loading data...
2025-03-26 21:50:56,188 - INFO - ScriptRunner - Downloading Natural Earth shapefile...
2025-03-26 21:51:32,793 - INFO - ScriptRunner - Starting dashboard...
2025-03-26 21:51:32,793 - INFO - ScriptRunner - Loading data...
2025-03-26 21:51:32,803 - INFO - ScriptRunner - Downloading Natural Earth shapefile...
2025-03-26 21:51:37,919 - INFO - ScriptRunner - Shapefile extracted to: data/shapefiles/ne_110m_admin_0_countries
2025-03-26 21:51:37,981 - INFO - ScriptRunner - Preparing data...
2025-03-26 21:52:31,217 - INFO - ScriptRunner - Starting dashboard...
2025-03-26 21:52:31,217 - INFO - ScriptRunner - Loading data...
2025-03-26 21:52:31,225 - INFO - ScriptRunner - Using cached shapefile: data/shapefiles/ne_110m_admin_0_countries/ne_110m_admin_0_countries.shp
2025-03-26 21:52:31,288 - INFO - ScriptRunner - Preparing data...
2025-03-26 21:53:18,613 - INFO - ScriptRunner - Starting dashboard...
2025-03-26 21:53:18,613 - INFO - ScriptRunner - Loading data...
2025-03-26 21:53:18,624 - INFO - ScriptRunner - Using cached shapefile: data/shapefiles/ne_110m_admin_0_countries/ne_110m_admin_0_countries.shp
2025-03-26 21:53:18,687 - INFO - ScriptRunner - Preparing data...
2025-03-26 21:55:29,129 - INFO - ScriptRunner - Starting dashboard...
2025-03-26 21:55:29,129 - INFO - ScriptRunner - Loading data...
2025-03-26 21:55:29,138 - INFO - ScriptRunner - Using cached shapefile: data/shapefiles/ne_110m_admin_0_countries/ne_110m_admin_0_countries.shp
2025-03-26 21:55:29,199 - INFO - ScriptRunner - Preparing data...
2025-03-26 22:04:27,859 - INFO - ScriptRunner - Starting dashboard...
2025-03-26 22:04:27,860 - INFO - ScriptRunner - Loading data...
2025-03-26 22:04:27,869 - INFO - ScriptRunner - Using cached shapefile: data/shapefiles/ne_110m_admin_0_countries/ne_110m_admin_0_countries.shp
2025-03-26 22:04:27,923 - INFO - ScriptRunner - Preparing data...
2025-03-26 22:06:14,342 - INFO - ScriptRunner - Starting dashboard...
2025-03-26 22:06:14,342 - INFO - ScriptRunner - Loading data...
2025-03-26 22:06:14,352 - INFO - ScriptRunner - Using cached shapefile: data/shapefiles/ne_110m_admin_0_countries/ne_110m_admin_0_countries.shp
2025-03-26 22:06:14,408 - INFO - ScriptRunner - Preparing data...
2025-03-26 22:06:14,782 - INFO - ScriptRunner - GeoData rows: 177
2025-03-26 22:06:14,782 - INFO - ScriptRunner - GDP column non-null count: 147
2025-03-26 22:06:14,783 - INFO - ScriptRunner - GDP column min/max: 1126313359.21923 / 27720709000000.0
2025-04-09 21:12:55,419 - INFO - ScriptRunner - Starting Multi-CSV dashboard...
2025-04-09 21:12:55,419 - INFO - ScriptRunner - Using cached shapefile: data/shapefiles/ne_110m_admin_0_countries/ne_110m_admin_0_countries.shp
