2025-03-20 19:38:23,205 - INFO - ScriptRunner - [INFO] Running build_indicators_jsonbuild_metadata_json.py...
2025-03-20 19:38:23,219 - ERROR - ScriptRunner - [ERROR] - [build_indicators_jsonbuild_metadata_json] - 
2025-03-20 19:38:23,220 - ERROR - ScriptRunner - [FAIL] build_indicators_jsonbuild_metadata_json - Failed with exit code 1
2025-03-20 19:39:02,721 - INFO - ScriptRunner - [INFO] Running build_indicators_json.py...
2025-03-20 19:39:02,736 - ERROR - ScriptRunner - [ERROR] - [build_indicators_json] - 
2025-03-20 19:39:02,736 - ERROR - ScriptRunner - [FAIL] build_indicators_json - Failed with exit code 1
2025-03-20 19:40:11,961 - INFO - ScriptRunner - [INFO] Running build_indicators_json.py...
2025-03-20 19:40:11,983 - INFO - ScriptRunner - [INFO] - [build_indicators_json] - 
2025-03-20 19:40:11,986 - INFO - ScriptRunner - [SUCCESS] build_indicators_json - Completed successfully.
2025-03-20 19:40:11,987 - INFO - ScriptRunner - [INFO] Running build_metadata_json.py...
2025-03-20 19:40:12,008 - INFO - ScriptRunner - [INFO] - [build_metadata_json] - 
2025-03-20 19:40:12,011 - INFO - ScriptRunner - [SUCCESS] build_metadata_json - Completed successfully.
2025-03-20 19:40:12,012 - INFO - ScriptRunner - [INFO] Running build_standarization_json.py...
2025-03-20 19:40:12,031 - INFO - ScriptRunner - [INFO] - [build_standarization_json] - 
2025-03-20 19:40:12,034 - INFO - ScriptRunner - [SUCCESS] build_standarization_json - Completed successfully.
2025-03-20 19:40:12,034 - INFO - ScriptRunner - [INFO] Running download_macro.py...
2025-03-20 19:40:12,059 - ERROR - ScriptRunner - [ERROR] - [download_macro] - 
2025-03-20 19:40:12,059 - ERROR - ScriptRunner - [ERROR] - [download_macro] - 
2025-03-20 19:40:12,059 - ERROR - ScriptRunner - [ERROR] - [download_macro] - 
2025-03-20 19:40:12,059 - ERROR - ScriptRunner - [ERROR] - [download_macro] - 
2025-03-20 19:40:12,059 - ERROR - ScriptRunner - [ERROR] - [download_macro] - 
2025-03-20 19:40:12,059 - ERROR - ScriptRunner - [ERROR] - [download_macro] - 
2025-03-20 19:40:12,059 - ERROR - ScriptRunner - [ERROR] - [download_macro] - 
2025-03-20 19:40:12,060 - ERROR - ScriptRunner - [ERROR] - [download_macro] - 
2025-03-20 19:40:12,060 - ERROR - ScriptRunner - [ERROR] - [download_macro] - 
2025-03-20 19:40:12,060 - ERROR - ScriptRunner - [ERROR] - [download_macro] - 
2025-03-20 19:40:12,060 - ERROR - ScriptRunner - [FAIL] download_macro - Failed with exit code 1
2025-03-20 19:41:21,981 - INFO - ScriptRunner - [INFO] Running build_indicators_json.py...
2025-03-20 19:41:21,999 - INFO - ScriptRunner - [INFO] - [build_indicators_json] - 
2025-03-20 19:41:22,003 - INFO - ScriptRunner - [SUCCESS] build_indicators_json - Completed successfully.
2025-03-20 19:41:22,003 - INFO - ScriptRunner - [INFO] Running build_metadata_json.py...
2025-03-20 19:41:22,026 - ERROR - ScriptRunner - [ERROR] - [build_metadata_json] - 
2025-03-20 19:41:22,026 - ERROR - ScriptRunner - [ERROR] - [build_metadata_json] - 
2025-03-20 19:41:22,026 - ERROR - ScriptRunner - [ERROR] - [build_metadata_json] - 
2025-03-20 19:41:22,026 - ERROR - ScriptRunner - [ERROR] - [build_metadata_json] - 
2025-03-20 19:41:22,026 - ERROR - ScriptRunner - [ERROR] - [build_metadata_json] - 
2025-03-20 19:41:22,026 - ERROR - ScriptRunner - [ERROR] - [build_metadata_json] - 
2025-03-20 19:41:22,026 - ERROR - ScriptRunner - [ERROR] - [build_metadata_json] - 
2025-03-20 19:41:22,026 - ERROR - ScriptRunner - [ERROR] - [build_metadata_json] - 
2025-03-20 19:41:22,026 - ERROR - ScriptRunner - [ERROR] - [build_metadata_json] - 
2025-03-20 19:41:22,026 - ERROR - ScriptRunner - [ERROR] - [build_metadata_json] - 
2025-03-20 19:41:22,026 - ERROR - ScriptRunner - [ERROR] - [build_metadata_json] - 
2025-03-20 19:41:22,026 - ERROR - ScriptRunner - [ERROR] - [build_metadata_json] - 
2025-03-20 19:41:22,026 - ERROR - ScriptRunner - [FAIL] build_metadata_json - Failed with exit code 1
2025-03-20 19:42:37,871 - INFO - ScriptRunner - [INFO] Running build_indicators_json.py...
2025-03-20 19:42:37,892 - INFO - ScriptRunner - [INFO] - [build_indicators_json] - 
2025-03-20 19:42:37,896 - INFO - ScriptRunner - [SUCCESS] build_indicators_json - Completed successfully.
2025-03-20 19:42:37,896 - INFO - ScriptRunner - [INFO] Running build_metadata_json.py...
2025-03-20 19:42:37,918 - INFO - ScriptRunner - [INFO] - [build_metadata_json] - 
2025-03-20 19:42:37,922 - INFO - ScriptRunner - [SUCCESS] build_metadata_json - Completed successfully.
2025-03-20 19:42:37,923 - INFO - ScriptRunner - [INFO] Running build_standarization_json.py...
2025-03-20 19:42:37,943 - INFO - ScriptRunner - [INFO] - [build_standarization_json] - 
2025-03-20 19:42:37,946 - INFO - ScriptRunner - [SUCCESS] build_standarization_json - Completed successfully.
2025-03-20 19:42:37,946 - INFO - ScriptRunner - [INFO] Running download_macro.py...
2025-03-20 19:42:37,968 - ERROR - ScriptRunner - [ERROR] - [download_macro] - 
2025-03-20 19:42:37,969 - ERROR - ScriptRunner - [ERROR] - [download_macro] - 
2025-03-20 19:42:37,969 - ERROR - ScriptRunner - [ERROR] - [download_macro] - 
2025-03-20 19:42:37,969 - ERROR - ScriptRunner - [ERROR] - [download_macro] - 
2025-03-20 19:42:37,969 - ERROR - ScriptRunner - [ERROR] - [download_macro] - 
2025-03-20 19:42:37,969 - ERROR - ScriptRunner - [ERROR] - [download_macro] - 
2025-03-20 19:42:37,969 - ERROR - ScriptRunner - [ERROR] - [download_macro] - 
2025-03-20 19:42:37,969 - ERROR - ScriptRunner - [ERROR] - [download_macro] - 
2025-03-20 19:42:37,969 - ERROR - ScriptRunner - [ERROR] - [download_macro] - 
2025-03-20 19:42:37,969 - ERROR - ScriptRunner - [ERROR] - [download_macro] - 
2025-03-20 19:42:37,969 - ERROR - ScriptRunner - [FAIL] download_macro - Failed with exit code 1
2025-03-20 19:45:07,787 - INFO - ScriptRunner - [INFO] Running build_indicators_json.py...
2025-03-20 19:45:07,803 - ERROR - ScriptRunner - [ERROR] - [build_indicators_json] - 
2025-03-20 19:45:07,803 - ERROR - ScriptRunner - [FAIL] build_indicators_json - Failed with exit code 1
2025-03-20 19:45:26,780 - INFO - ScriptRunner - [INFO] Running build_indicator_json.py...
2025-03-20 19:45:26,801 - INFO - ScriptRunner - [INFO] - [build_indicator_json] - 
2025-03-20 19:45:26,804 - INFO - ScriptRunner - [SUCCESS] build_indicator_json - Completed successfully.
2025-03-20 19:45:26,804 - INFO - ScriptRunner - [INFO] Running build_metadata_json.py...
2025-03-20 19:45:26,823 - INFO - ScriptRunner - [INFO] - [build_metadata_json] - 
2025-03-20 19:45:26,827 - INFO - ScriptRunner - [SUCCESS] build_metadata_json - Completed successfully.
2025-03-20 19:45:26,827 - INFO - ScriptRunner - [INFO] Running build_standarization_json.py...
2025-03-20 19:45:26,849 - INFO - ScriptRunner - [INFO] - [build_standarization_json] - 
2025-03-20 19:45:26,852 - INFO - ScriptRunner - [SUCCESS] build_standarization_json - Completed successfully.
2025-03-20 19:45:26,852 - INFO - ScriptRunner - [INFO] Running download_macro.py...
2025-03-20 19:52:01,694 - ERROR - ScriptRunner - [ERROR] - [download_macro] - 
2025-03-20 19:52:01,694 - ERROR - ScriptRunner - [ERROR] - [download_macro] - 
2025-03-20 19:52:01,694 - ERROR - ScriptRunner - [ERROR] - [download_macro] - 
2025-03-20 19:52:01,694 - ERROR - ScriptRunner - [ERROR] - [download_macro] - 
2025-03-20 19:52:01,695 - ERROR - ScriptRunner - [ERROR] - [download_macro] - 
2025-03-20 19:52:01,695 - ERROR - ScriptRunner - [ERROR] - [download_macro] - 
2025-03-20 19:52:01,695 - ERROR - ScriptRunner - [ERROR] - [download_macro] - 
2025-03-20 19:52:01,695 - ERROR - ScriptRunner - [ERROR] - [download_macro] - 
2025-03-20 19:52:01,695 - ERROR - ScriptRunner - [ERROR] - [download_macro] - 
2025-03-20 19:52:01,695 - ERROR - ScriptRunner - [ERROR] - [download_macro] - 
2025-03-20 19:52:01,695 - ERROR - ScriptRunner - [ERROR] - [download_macro] - 
2025-03-20 19:52:01,695 - ERROR - ScriptRunner - [ERROR] - [download_macro] - 
2025-03-20 19:52:01,695 - ERROR - ScriptRunner - [ERROR] - [download_macro] - 
2025-03-20 19:52:01,695 - ERROR - ScriptRunner - [ERROR] - [download_macro] - 
2025-03-20 19:52:01,695 - ERROR - ScriptRunner - [ERROR] - [download_macro] - 
2025-03-20 19:52:01,695 - ERROR - ScriptRunner - [ERROR] - [download_macro] - 
2025-03-20 19:52:01,695 - ERROR - ScriptRunner - [ERROR] - [download_macro] - 
2025-03-20 19:52:01,695 - ERROR - ScriptRunner - [ERROR] - [download_macro] - 
2025-03-20 19:52:01,695 - ERROR - ScriptRunner - [ERROR] - [download_macro] - 
2025-03-20 19:52:01,695 - ERROR - ScriptRunner - [ERROR] - [download_macro] - 
2025-03-20 19:52:01,695 - ERROR - ScriptRunner - [ERROR] - [download_macro] - 
2025-03-20 19:52:01,695 - ERROR - ScriptRunner - [ERROR] - [download_macro] - 
2025-03-20 19:52:01,695 - ERROR - ScriptRunner - [ERROR] - [download_macro] - 
2025-03-20 19:52:01,695 - ERROR - ScriptRunner - [ERROR] - [download_macro] - 
2025-03-20 19:52:01,695 - ERROR - ScriptRunner - [ERROR] - [download_macro] - 
2025-03-20 19:52:01,695 - ERROR - ScriptRunner - [ERROR] - [download_macro] - 
2025-03-20 19:52:01,695 - ERROR - ScriptRunner - [ERROR] - [download_macro] - 
2025-03-20 19:52:01,695 - ERROR - ScriptRunner - [ERROR] - [download_macro] - 
2025-03-20 19:52:01,695 - ERROR - ScriptRunner - [ERROR] - [download_macro] - 
2025-03-20 19:52:01,695 - ERROR - ScriptRunner - [ERROR] - [download_macro] - 
2025-03-20 19:52:01,695 - ERROR - ScriptRunner - [ERROR] - [download_macro] - 
2025-03-20 19:52:01,695 - ERROR - ScriptRunner - [ERROR] - [download_macro] - 
2025-03-20 19:52:01,696 - ERROR - ScriptRunner - [ERROR] - [download_macro] - 
2025-03-20 19:52:01,696 - ERROR - ScriptRunner - [ERROR] - [download_macro] - 
2025-03-20 19:52:01,696 - ERROR - ScriptRunner - [ERROR] - [download_macro] - 
2025-03-20 19:52:01,696 - ERROR - ScriptRunner - [ERROR] - [download_macro] - 
2025-03-20 19:52:01,696 - ERROR - ScriptRunner - [ERROR] - [download_macro] - 
2025-03-20 19:52:01,696 - ERROR - ScriptRunner - [ERROR] - [download_macro] - 
2025-03-20 19:52:01,696 - ERROR - ScriptRunner - [ERROR] - [download_macro] - 
2025-03-20 19:52:01,696 - ERROR - ScriptRunner - [ERROR] - [download_macro] - 
2025-03-20 19:52:01,696 - ERROR - ScriptRunner - [ERROR] - [download_macro] - 
2025-03-20 19:52:01,696 - ERROR - ScriptRunner - [ERROR] - [download_macro] - 
2025-03-20 19:52:01,696 - ERROR - ScriptRunner - [ERROR] - [download_macro] - 
2025-03-20 19:52:01,696 - ERROR - ScriptRunner - [ERROR] - [download_macro] - 
2025-03-20 19:52:01,696 - ERROR - ScriptRunner - [ERROR] - [download_macro] - 
2025-03-20 19:52:01,696 - ERROR - ScriptRunner - [ERROR] - [download_macro] - 
2025-03-20 19:52:01,696 - ERROR - ScriptRunner - [ERROR] - [download_macro] - 
2025-03-20 19:52:01,696 - ERROR - ScriptRunner - [ERROR] - [download_macro] - 
2025-03-20 19:52:01,696 - ERROR - ScriptRunner - [ERROR] - [download_macro] - 
2025-03-20 19:52:01,696 - ERROR - ScriptRunner - [ERROR] - [download_macro] - 
2025-03-20 19:52:01,696 - ERROR - ScriptRunner - [ERROR] - [download_macro] - 
2025-03-20 19:52:01,696 - ERROR - ScriptRunner - [ERROR] - [download_macro] - 
2025-03-20 19:52:01,696 - ERROR - ScriptRunner - [ERROR] - [download_macro] - 
2025-03-20 19:52:01,696 - ERROR - ScriptRunner - [ERROR] - [download_macro] - 
2025-03-20 19:52:01,696 - ERROR - ScriptRunner - [ERROR] - [download_macro] - 
2025-03-20 19:52:01,696 - ERROR - ScriptRunner - [ERROR] - [download_macro] - 
2025-03-20 19:52:01,697 - ERROR - ScriptRunner - [ERROR] - [download_macro] - 
2025-03-20 19:52:01,697 - ERROR - ScriptRunner - [ERROR] - [download_macro] - 
2025-03-20 19:52:01,697 - ERROR - ScriptRunner - [ERROR] - [download_macro] - 
2025-03-20 19:52:01,697 - ERROR - ScriptRunner - [ERROR] - [download_macro] - 
2025-03-20 19:52:01,697 - ERROR - ScriptRunner - [ERROR] - [download_macro] - 
2025-03-20 19:52:01,697 - ERROR - ScriptRunner - [ERROR] - [download_macro] - 
2025-03-20 19:52:01,697 - ERROR - ScriptRunner - [ERROR] - [download_macro] - 
2025-03-20 19:52:01,697 - ERROR - ScriptRunner - [ERROR] - [download_macro] - 
2025-03-20 19:52:01,697 - ERROR - ScriptRunner - [ERROR] - [download_macro] - 
2025-03-20 19:52:01,697 - ERROR - ScriptRunner - [FAIL] download_macro - Failed with exit code 1
2025-03-20 20:48:03,868 - INFO - ScriptRunner - [INFO] Running build_indicator_json.py...
2025-03-20 20:48:03,893 - INFO - ScriptRunner - [INFO] - [build_indicator_json] - 
2025-03-20 20:48:03,898 - INFO - ScriptRunner - [SUCCESS] build_indicator_json - Completed successfully.
2025-03-20 20:48:03,898 - INFO - ScriptRunner - [INFO] Running build_metadata_json.py...
2025-03-20 20:48:03,927 - INFO - ScriptRunner - [INFO] - [build_metadata_json] - 
2025-03-20 20:48:03,931 - INFO - ScriptRunner - [SUCCESS] build_metadata_json - Completed successfully.
2025-03-20 20:48:03,932 - INFO - ScriptRunner - [INFO] Running build_standarization_json.py...
2025-03-20 20:48:03,961 - INFO - ScriptRunner - [INFO] - [build_standarization_json] - 
2025-03-20 20:48:03,965 - INFO - ScriptRunner - [SUCCESS] build_standarization_json - Completed successfully.
2025-03-20 20:48:03,965 - INFO - ScriptRunner - [INFO] Running download_macro.py...
2025-03-20 21:01:44,333 - INFO - ScriptRunner - [INFO] Running build_indicator_json.py...
2025-03-20 21:01:44,349 - INFO - ScriptRunner - [INFO] - [build_indicator_json] - 
2025-03-20 21:01:44,352 - INFO - ScriptRunner - [SUCCESS] build_indicator_json - Completed successfully.
2025-03-20 21:01:44,352 - INFO - ScriptRunner - [INFO] Running build_metadata_json.py...
2025-03-20 21:01:44,368 - INFO - ScriptRunner - [INFO] - [build_metadata_json] - 
2025-03-20 21:01:44,370 - INFO - ScriptRunner - [SUCCESS] build_metadata_json - Completed successfully.
2025-03-20 21:01:44,370 - INFO - ScriptRunner - [INFO] Running build_standarization_json.py...
2025-03-20 21:01:44,387 - INFO - ScriptRunner - [INFO] - [build_standarization_json] - 
2025-03-20 21:01:44,390 - INFO - ScriptRunner - [SUCCESS] build_standarization_json - Completed successfully.
2025-03-20 21:01:44,390 - INFO - ScriptRunner - [INFO] Running download_macro.py...
2025-03-20 21:06:07,073 - ERROR - ScriptRunner - [ERROR] - [download_macro] - 
2025-03-20 21:06:07,073 - ERROR - ScriptRunner - [ERROR] - [download_macro] - 
2025-03-20 21:06:07,073 - ERROR - ScriptRunner - [ERROR] - [download_macro] - 
2025-03-20 21:06:07,073 - ERROR - ScriptRunner - [ERROR] - [download_macro] - 
2025-03-20 21:06:07,073 - ERROR - ScriptRunner - [ERROR] - [download_macro] - 
2025-03-20 21:06:07,073 - ERROR - ScriptRunner - [ERROR] - [download_macro] - 
2025-03-20 21:06:07,073 - ERROR - ScriptRunner - [ERROR] - [download_macro] - 
2025-03-20 21:06:07,074 - ERROR - ScriptRunner - [ERROR] - [download_macro] - 
2025-03-20 21:06:07,074 - ERROR - ScriptRunner - [ERROR] - [download_macro] - 
2025-03-20 21:06:07,074 - ERROR - ScriptRunner - [ERROR] - [download_macro] - 
2025-03-20 21:06:07,074 - ERROR - ScriptRunner - [ERROR] - [download_macro] - 
2025-03-20 21:06:07,074 - ERROR - ScriptRunner - [ERROR] - [download_macro] - 
2025-03-20 21:06:07,074 - ERROR - ScriptRunner - [ERROR] - [download_macro] - 
2025-03-20 21:06:07,074 - ERROR - ScriptRunner - [ERROR] - [download_macro] - 
2025-03-20 21:06:07,074 - ERROR - ScriptRunner - [ERROR] - [download_macro] - 
2025-03-20 21:06:07,074 - ERROR - ScriptRunner - [ERROR] - [download_macro] - 
2025-03-20 21:06:07,074 - ERROR - ScriptRunner - [ERROR] - [download_macro] - 
2025-03-20 21:06:07,074 - ERROR - ScriptRunner - [ERROR] - [download_macro] - 
2025-03-20 21:06:07,074 - ERROR - ScriptRunner - [ERROR] - [download_macro] - 
2025-03-20 21:06:07,074 - ERROR - ScriptRunner - [ERROR] - [download_macro] - 
2025-03-20 21:06:07,074 - ERROR - ScriptRunner - [ERROR] - [download_macro] - 
2025-03-20 21:06:07,074 - ERROR - ScriptRunner - [ERROR] - [download_macro] - 
2025-03-20 21:06:07,074 - ERROR - ScriptRunner - [ERROR] - [download_macro] - 
2025-03-20 21:06:07,074 - ERROR - ScriptRunner - [ERROR] - [download_macro] - 
2025-03-20 21:06:07,074 - ERROR - ScriptRunner - [ERROR] - [download_macro] - 
2025-03-20 21:06:07,074 - ERROR - ScriptRunner - [ERROR] - [download_macro] - 
2025-03-20 21:06:07,074 - ERROR - ScriptRunner - [ERROR] - [download_macro] - 
2025-03-20 21:06:07,074 - ERROR - ScriptRunner - [ERROR] - [download_macro] - 
2025-03-20 21:06:07,074 - ERROR - ScriptRunner - [ERROR] - [download_macro] - 
2025-03-20 21:06:07,074 - ERROR - ScriptRunner - [ERROR] - [download_macro] - 
2025-03-20 21:06:07,074 - ERROR - ScriptRunner - [ERROR] - [download_macro] - 
2025-03-20 21:06:07,074 - ERROR - ScriptRunner - [ERROR] - [download_macro] - 
2025-03-20 21:06:07,074 - ERROR - ScriptRunner - [ERROR] - [download_macro] - 
2025-03-20 21:06:07,074 - ERROR - ScriptRunner - [ERROR] - [download_macro] - 
2025-03-20 21:06:07,074 - ERROR - ScriptRunner - [ERROR] - [download_macro] - 
2025-03-20 21:06:07,074 - ERROR - ScriptRunner - [ERROR] - [download_macro] - 
2025-03-20 21:06:07,074 - ERROR - ScriptRunner - [ERROR] - [download_macro] - 
2025-03-20 21:06:07,074 - ERROR - ScriptRunner - [ERROR] - [download_macro] - 
2025-03-20 21:06:07,074 - ERROR - ScriptRunner - [ERROR] - [download_macro] - 
2025-03-20 21:06:07,074 - ERROR - ScriptRunner - [ERROR] - [download_macro] - 
2025-03-20 21:06:07,074 - ERROR - ScriptRunner - [ERROR] - [download_macro] - 
2025-03-20 21:06:07,074 - ERROR - ScriptRunner - [ERROR] - [download_macro] - 
2025-03-20 21:06:07,074 - ERROR - ScriptRunner - [ERROR] - [download_macro] - 
2025-03-20 21:06:07,074 - ERROR - ScriptRunner - [ERROR] - [download_macro] - 
2025-03-20 21:06:07,074 - ERROR - ScriptRunner - [ERROR] - [download_macro] - 
2025-03-20 21:06:07,074 - ERROR - ScriptRunner - [ERROR] - [download_macro] - 
2025-03-20 21:06:07,075 - ERROR - ScriptRunner - [ERROR] - [download_macro] - 
2025-03-20 21:06:07,075 - ERROR - ScriptRunner - [ERROR] - [download_macro] - 
2025-03-20 21:06:07,075 - ERROR - ScriptRunner - [ERROR] - [download_macro] - 
2025-03-20 21:06:07,075 - ERROR - ScriptRunner - [ERROR] - [download_macro] - 
2025-03-20 21:06:07,075 - ERROR - ScriptRunner - [ERROR] - [download_macro] - 
2025-03-20 21:06:07,075 - ERROR - ScriptRunner - [ERROR] - [download_macro] - 
2025-03-20 21:06:07,075 - ERROR - ScriptRunner - [ERROR] - [download_macro] - 
2025-03-20 21:06:07,075 - ERROR - ScriptRunner - [ERROR] - [download_macro] - 
2025-03-20 21:06:07,075 - ERROR - ScriptRunner - [ERROR] - [download_macro] - 
2025-03-20 21:06:07,075 - ERROR - ScriptRunner - [ERROR] - [download_macro] - 
2025-03-20 21:06:07,075 - ERROR - ScriptRunner - [ERROR] - [download_macro] - 
2025-03-20 21:06:07,075 - ERROR - ScriptRunner - [ERROR] - [download_macro] - 
2025-03-20 21:06:07,075 - ERROR - ScriptRunner - [ERROR] - [download_macro] - 
2025-03-20 21:06:07,075 - ERROR - ScriptRunner - [ERROR] - [download_macro] - 
2025-03-20 21:06:07,075 - ERROR - ScriptRunner - [ERROR] - [download_macro] - 
2025-03-20 21:06:07,075 - ERROR - ScriptRunner - [ERROR] - [download_macro] - 
2025-03-20 21:06:07,075 - ERROR - ScriptRunner - [ERROR] - [download_macro] - 
2025-03-20 21:06:07,075 - ERROR - ScriptRunner - [ERROR] - [download_macro] - 
2025-03-20 21:06:07,075 - ERROR - ScriptRunner - [ERROR] - [download_macro] - 
2025-03-20 21:06:07,075 - ERROR - ScriptRunner - [FAIL] download_macro - Failed with exit code 1
2025-03-20 21:18:41,009 - INFO - ScriptRunner - [INFO] Running build_indicator_json.py...
2025-03-20 21:18:41,024 - INFO - ScriptRunner - [INFO] - [build_indicator_json] - 
2025-03-20 21:18:41,026 - INFO - ScriptRunner - [SUCCESS] build_indicator_json - Completed successfully.
2025-03-20 21:18:41,027 - INFO - ScriptRunner - [INFO] Running build_metadata_json.py...
2025-03-20 21:18:41,042 - INFO - ScriptRunner - [INFO] - [build_metadata_json] - 
2025-03-20 21:18:41,044 - INFO - ScriptRunner - [SUCCESS] build_metadata_json - Completed successfully.
2025-03-20 21:18:41,044 - INFO - ScriptRunner - [INFO] Running build_standarization_json.py...
2025-03-20 21:18:41,060 - INFO - ScriptRunner - [INFO] - [build_standarization_json] - 
2025-03-20 21:18:41,062 - INFO - ScriptRunner - [SUCCESS] build_standarization_json - Completed successfully.
2025-03-20 21:18:41,062 - INFO - ScriptRunner - [INFO] Running download_macro.py...
2025-03-20 21:21:30,121 - INFO - ScriptRunner - [INFO] Running build_indicator_json.py...
2025-03-20 21:21:30,138 - INFO - ScriptRunner - [INFO] - [build_indicator_json] - 
2025-03-20 21:21:30,140 - INFO - ScriptRunner - [SUCCESS] build_indicator_json - Completed successfully.
2025-03-20 21:21:30,140 - INFO - ScriptRunner - [INFO] Running build_metadata_json.py...
2025-03-20 21:21:30,156 - INFO - ScriptRunner - [INFO] - [build_metadata_json] - 
2025-03-20 21:21:30,158 - INFO - ScriptRunner - [SUCCESS] build_metadata_json - Completed successfully.
2025-03-20 21:21:30,158 - INFO - ScriptRunner - [INFO] Running build_standarization_json.py...
2025-03-20 21:21:30,177 - INFO - ScriptRunner - [INFO] - [build_standarization_json] - 
2025-03-20 21:21:30,180 - INFO - ScriptRunner - [SUCCESS] build_standarization_json - Completed successfully.
2025-03-20 21:21:30,180 - INFO - ScriptRunner - [INFO] Running download_macro.py...
2025-03-20 21:21:30,237 - ERROR - ScriptRunner - [ERROR] - [download_macro] - 
2025-03-20 21:21:30,237 - ERROR - ScriptRunner - [ERROR] - [download_macro] - 
2025-03-20 21:21:30,237 - ERROR - ScriptRunner - [ERROR] - [download_macro] - 
2025-03-20 21:21:30,237 - ERROR - ScriptRunner - [ERROR] - [download_macro] - 
2025-03-20 21:21:30,237 - ERROR - ScriptRunner - [ERROR] - [download_macro] - 
2025-03-20 21:21:30,237 - ERROR - ScriptRunner - [ERROR] - [download_macro] - 
2025-03-20 21:21:30,237 - ERROR - ScriptRunner - [ERROR] - [download_macro] - 
2025-03-20 21:21:30,237 - ERROR - ScriptRunner - [ERROR] - [download_macro] - 
2025-03-20 21:21:30,237 - ERROR - ScriptRunner - [ERROR] - [download_macro] - 
2025-03-20 21:21:30,237 - ERROR - ScriptRunner - [ERROR] - [download_macro] - 
2025-03-20 21:21:30,237 - ERROR - ScriptRunner - [ERROR] - [download_macro] - 
2025-03-20 21:21:30,237 - ERROR - ScriptRunner - [ERROR] - [download_macro] - 
2025-03-20 21:21:30,237 - ERROR - ScriptRunner - [FAIL] download_macro - Failed with exit code 1
2025-03-20 21:21:32,298 - INFO - ScriptRunner - [INFO] Running build_indicator_json.py...
2025-03-20 21:21:32,314 - INFO - ScriptRunner - [INFO] - [build_indicator_json] - 
2025-03-20 21:21:32,317 - INFO - ScriptRunner - [SUCCESS] build_indicator_json - Completed successfully.
2025-03-20 21:21:32,317 - INFO - ScriptRunner - [INFO] Running build_metadata_json.py...
2025-03-20 21:21:32,333 - INFO - ScriptRunner - [INFO] - [build_metadata_json] - 
2025-03-20 21:21:32,335 - INFO - ScriptRunner - [SUCCESS] build_metadata_json - Completed successfully.
2025-03-20 21:21:32,335 - INFO - ScriptRunner - [INFO] Running build_standarization_json.py...
2025-03-20 21:21:32,352 - INFO - ScriptRunner - [INFO] - [build_standarization_json] - 
2025-03-20 21:21:32,355 - INFO - ScriptRunner - [SUCCESS] build_standarization_json - Completed successfully.
2025-03-20 21:21:32,355 - INFO - ScriptRunner - [INFO] Running download_macro.py...
2025-03-20 21:21:32,415 - ERROR - ScriptRunner - [ERROR] - [download_macro] - 
2025-03-20 21:21:32,415 - ERROR - ScriptRunner - [ERROR] - [download_macro] - 
2025-03-20 21:21:32,415 - ERROR - ScriptRunner - [ERROR] - [download_macro] - 
2025-03-20 21:21:32,415 - ERROR - ScriptRunner - [ERROR] - [download_macro] - 
2025-03-20 21:21:32,415 - ERROR - ScriptRunner - [ERROR] - [download_macro] - 
2025-03-20 21:21:32,415 - ERROR - ScriptRunner - [ERROR] - [download_macro] - 
2025-03-20 21:21:32,415 - ERROR - ScriptRunner - [ERROR] - [download_macro] - 
2025-03-20 21:21:32,415 - ERROR - ScriptRunner - [ERROR] - [download_macro] - 
2025-03-20 21:21:32,415 - ERROR - ScriptRunner - [ERROR] - [download_macro] - 
2025-03-20 21:21:32,415 - ERROR - ScriptRunner - [ERROR] - [download_macro] - 
2025-03-20 21:21:32,415 - ERROR - ScriptRunner - [ERROR] - [download_macro] - 
2025-03-20 21:21:32,415 - ERROR - ScriptRunner - [ERROR] - [download_macro] - 
2025-03-20 21:21:32,415 - ERROR - ScriptRunner - [FAIL] download_macro - Failed with exit code 1
2025-03-20 21:21:39,007 - INFO - ScriptRunner - [INFO] Running build_indicator_json.py...
2025-03-20 21:21:39,025 - INFO - ScriptRunner - [INFO] - [build_indicator_json] - 
2025-03-20 21:21:39,028 - INFO - ScriptRunner - [SUCCESS] build_indicator_json - Completed successfully.
2025-03-20 21:21:39,028 - INFO - ScriptRunner - [INFO] Running build_metadata_json.py...
2025-03-20 21:21:39,044 - INFO - ScriptRunner - [INFO] - [build_metadata_json] - 
2025-03-20 21:21:39,046 - INFO - ScriptRunner - [SUCCESS] build_metadata_json - Completed successfully.
2025-03-20 21:21:39,046 - INFO - ScriptRunner - [INFO] Running build_standarization_json.py...
2025-03-20 21:21:39,063 - INFO - ScriptRunner - [INFO] - [build_standarization_json] - 
2025-03-20 21:21:39,066 - INFO - ScriptRunner - [SUCCESS] build_standarization_json - Completed successfully.
2025-03-20 21:21:39,066 - INFO - ScriptRunner - [INFO] Running download_macro.py...
2025-03-20 21:22:03,956 - INFO - ScriptRunner - [INFO] Running build_indicator_json.py...
2025-03-20 21:22:03,971 - INFO - ScriptRunner - [INFO] - [build_indicator_json] - 
2025-03-20 21:22:03,973 - INFO - ScriptRunner - [SUCCESS] build_indicator_json - Completed successfully.
2025-03-20 21:22:03,973 - INFO - ScriptRunner - [INFO] Running build_metadata_json.py...
2025-03-20 21:22:03,988 - INFO - ScriptRunner - [INFO] - [build_metadata_json] - 
2025-03-20 21:22:03,991 - INFO - ScriptRunner - [SUCCESS] build_metadata_json - Completed successfully.
2025-03-20 21:22:03,991 - INFO - ScriptRunner - [INFO] Running build_standarization_json.py...
2025-03-20 21:22:04,006 - INFO - ScriptRunner - [INFO] - [build_standarization_json] - 
2025-03-20 21:22:04,009 - INFO - ScriptRunner - [SUCCESS] build_standarization_json - Completed successfully.
2025-03-20 21:22:04,009 - INFO - ScriptRunner - [INFO] Running download_macro.py...
2025-03-20 21:32:59,297 - INFO - ScriptRunner - [INFO] - [download_macro] - 
2025-03-20 21:32:59,356 - ERROR - ScriptRunner - [ERROR] - [download_macro] - Starting download from WorldBankAPI[0m
2025-03-20 21:32:59,356 - ERROR - ScriptRunner - [ERROR] - [download_macro] - downloading from WorldBankAPI: HTTPConnectionPool(host='api.worldbank.org', port=80): Max retries exceeded with url: /v2/country/all/indicator/SL.UEM.TOTL.ZS?date=1900:2030&format=json&per_page=20000 (Caused by NewConnectionError('<urllib3.connection.HTTPConnection object at 0x7fad12ec8040>: Failed to establish a new connection: [Errno 101] Network is unreachable'))[0m
2025-03-20 21:32:59,356 - ERROR - ScriptRunner - [ERROR] - [download_macro] - Starting download from IMFAPI[0m
2025-03-20 21:32:59,356 - ERROR - ScriptRunner - [ERROR] - [download_macro] - Starting download from OECDAPI[0m
2025-03-20 21:32:59,356 - ERROR - ScriptRunner - [ERROR] - [download_macro] - downloading from OECDAPI: HTTPSConnectionPool(host='stats.oecd.org', port=443): Max retries exceeded with url: /SDMX-JSON/data/IR3TIB01/all?startTime=1900&endTime=2030 (Caused by ConnectTimeoutError(<urllib3.connection.HTTPSConnection object at 0x7fad12ec9ba0>, 'Connection to stats.oecd.org timed out. (connect timeout=None)'))[0m
2025-03-20 21:32:59,356 - ERROR - ScriptRunner - [ERROR] - [download_macro] - Starting download from AlphaVantageAPI[0m
2025-03-20 21:32:59,356 - ERROR - ScriptRunner - [ERROR] - [download_macro] - data fetching and saving completed.[0m
2025-03-20 21:32:59,357 - INFO - ScriptRunner - [SUCCESS] download_macro - Completed successfully.
2025-03-21 13:47:42,624 - INFO - ScriptRunner - [INFO] Running build_indicator_json.py...
2025-03-21 13:47:42,640 - INFO - ScriptRunner - [INFO] - [build_indicator_json] - 
2025-03-21 13:47:42,643 - INFO - ScriptRunner - [SUCCESS] build_indicator_json - Completed successfully.
2025-03-21 13:47:42,643 - INFO - ScriptRunner - [INFO] Running build_metadata_json.py...
2025-03-21 13:47:42,659 - INFO - ScriptRunner - [INFO] - [build_metadata_json] - 
2025-03-21 13:47:42,661 - INFO - ScriptRunner - [SUCCESS] build_metadata_json - Completed successfully.
2025-03-21 13:47:42,661 - INFO - ScriptRunner - [INFO] Running build_standarization_json.py...
2025-03-21 13:47:42,678 - INFO - ScriptRunner - [INFO] - [build_standarization_json] - 
2025-03-21 13:47:42,681 - INFO - ScriptRunner - [SUCCESS] build_standarization_json - Completed successfully.
2025-03-21 13:47:42,681 - INFO - ScriptRunner - [INFO] Running download_macro.py...
2025-03-21 13:48:42,203 - INFO - ScriptRunner - [INFO] - [download_macro] - 
2025-03-21 13:48:42,203 - INFO - ScriptRunner - [INFO] - [download_macro] - 
2025-03-21 13:48:42,203 - INFO - ScriptRunner - [INFO] - [download_macro] - 
2025-03-21 13:48:42,203 - INFO - ScriptRunner - [INFO] - [download_macro] - 
2025-03-21 13:48:42,203 - INFO - ScriptRunner - [INFO] - [download_macro] - 
2025-03-21 13:48:42,203 - INFO - ScriptRunner - [INFO] - [download_macro] - 
2025-03-21 13:48:42,203 - INFO - ScriptRunner - [INFO] - [download_macro] - 
2025-03-21 13:48:42,203 - INFO - ScriptRunner - [INFO] - [download_macro] - 
2025-03-21 13:48:42,203 - INFO - ScriptRunner - [INFO] - [download_macro] - 
2025-03-21 13:48:42,203 - INFO - ScriptRunner - [INFO] - [download_macro] - 
2025-03-21 13:48:42,203 - INFO - ScriptRunner - [INFO] - [download_macro] - 
2025-03-21 13:48:42,203 - INFO - ScriptRunner - [INFO] - [download_macro] - 
2025-03-21 13:48:42,203 - INFO - ScriptRunner - [INFO] - [download_macro] - 
2025-03-21 13:48:42,203 - INFO - ScriptRunner - [INFO] - [download_macro] - 
2025-03-21 13:48:42,279 - ERROR - ScriptRunner - [ERROR] - [download_macro] - Starting download from WorldBankAPI[0m
2025-03-21 13:48:42,279 - ERROR - ScriptRunner - [ERROR] - [download_macro] - Starting download from IMFAPI[0m
2025-03-21 13:48:42,279 - ERROR - ScriptRunner - [ERROR] - [download_macro] - Starting download from OECDAPI[0m
2025-03-21 13:48:42,279 - ERROR - ScriptRunner - [ERROR] - [download_macro] - Starting download from AlphaVantageAPI[0m
2025-03-21 13:48:42,279 - ERROR - ScriptRunner - [ERROR] - [download_macro] - data fetching and saving completed.[0m
2025-03-21 13:48:42,279 - INFO - ScriptRunner - [SUCCESS] download_macro - Completed successfully.
2025-04-02 21:27:10,542 - INFO - ScriptRunner - [INFO] Running build_indicator_json.py...
2025-04-02 21:27:10,665 - INFO - ScriptRunner - [INFO] - [build_indicator_json] - 
2025-04-02 21:27:10,671 - INFO - ScriptRunner - [SUCCESS] build_indicator_json - Completed successfully.
2025-04-02 21:27:10,672 - INFO - ScriptRunner - [INFO] Running build_metadata_json.py...
2025-04-02 21:27:10,771 - INFO - ScriptRunner - [INFO] - [build_metadata_json] - 
2025-04-02 21:27:10,786 - INFO - ScriptRunner - [SUCCESS] build_metadata_json - Completed successfully.
2025-04-02 21:27:10,786 - INFO - ScriptRunner - [INFO] Running build_standarization_json.py...
2025-04-02 21:27:10,899 - INFO - ScriptRunner - [INFO] - [build_standarization_json] - 
2025-04-02 21:27:10,916 - INFO - ScriptRunner - [SUCCESS] build_standarization_json - Completed successfully.
2025-04-02 21:27:10,916 - INFO - ScriptRunner - [INFO] Running download_macro.py...
2025-04-02 21:28:05,626 - INFO - ScriptRunner - [INFO] - [download_macro] - 
2025-04-02 21:28:07,918 - INFO - ScriptRunner - [INFO] - [download_macro] - 
2025-04-02 21:28:08,287 - INFO - ScriptRunner - [INFO] - [download_macro] - 
2025-04-02 21:28:23,736 - INFO - ScriptRunner - [INFO] - [download_macro] - 
2025-04-02 21:28:24,260 - INFO - ScriptRunner - [INFO] - [download_macro] - 
2025-04-02 21:28:24,670 - INFO - ScriptRunner - [INFO] - [download_macro] - 
2025-04-02 21:28:25,079 - INFO - ScriptRunner - [INFO] - [download_macro] - 
2025-04-02 21:28:25,591 - INFO - ScriptRunner - [INFO] - [download_macro] - 
2025-04-02 21:28:26,411 - INFO - ScriptRunner - [INFO] - [download_macro] - 
2025-04-02 21:28:26,821 - INFO - ScriptRunner - [INFO] - [download_macro] - 
2025-04-02 21:28:36,752 - INFO - ScriptRunner - [INFO] - [download_macro] - 
2025-04-02 21:28:37,673 - INFO - ScriptRunner - [INFO] - [download_macro] - 
2025-04-02 21:28:38,495 - INFO - ScriptRunner - [INFO] - [download_macro] - 
2025-04-02 21:28:39,106 - INFO - ScriptRunner - [INFO] - [download_macro] - 
2025-04-02 21:28:39,175 - ERROR - ScriptRunner - [ERROR] - [download_macro] - Starting download from WorldBankAPI[0m
2025-04-02 21:28:39,175 - ERROR - ScriptRunner - [ERROR] - [download_macro] - Starting download from IMFAPI[0m
2025-04-02 21:28:39,175 - ERROR - ScriptRunner - [ERROR] - [download_macro] - Starting download from OECDAPI[0m
2025-04-02 21:28:39,176 - ERROR - ScriptRunner - [ERROR] - [download_macro] - Starting download from AlphaVantageAPI[0m
2025-04-02 21:28:39,176 - ERROR - ScriptRunner - [ERROR] - [download_macro] - data fetching and saving completed.[0m
2025-04-02 21:28:39,176 - INFO - ScriptRunner - [SUCCESS] download_macro - Completed successfully.
2025-04-02 21:50:20,468 - INFO - ScriptRunner - [INFO] Running build_indicator_json.py...
2025-04-02 21:50:20,595 - INFO - ScriptRunner - [INFO] - [build_indicator_json] - 
2025-04-02 21:50:20,606 - INFO - ScriptRunner - [SUCCESS] build_indicator_json - Completed successfully.
2025-04-02 21:50:20,606 - INFO - ScriptRunner - [INFO] Running build_metadata_json.py...
2025-04-02 21:50:20,690 - INFO - ScriptRunner - [INFO] - [build_metadata_json] - 
2025-04-02 21:50:20,700 - INFO - ScriptRunner - [SUCCESS] build_metadata_json - Completed successfully.
2025-04-02 21:50:20,700 - INFO - ScriptRunner - [INFO] Running build_standarization_json.py...
2025-04-02 21:50:20,775 - INFO - ScriptRunner - [INFO] - [build_standarization_json] - 
2025-04-02 21:50:20,785 - INFO - ScriptRunner - [SUCCESS] build_standarization_json - Completed successfully.
2025-04-02 21:50:20,785 - INFO - ScriptRunner - [INFO] Running download_macro.py...
2025-04-02 21:50:50,013 - INFO - ScriptRunner - [INFO] - [download_macro] - 
2025-04-02 21:50:51,760 - INFO - ScriptRunner - [INFO] - [download_macro] - 
2025-04-02 21:50:52,600 - INFO - ScriptRunner - [INFO] - [download_macro] - 
2025-04-02 21:51:02,816 - INFO - ScriptRunner - [INFO] - [download_macro] - 
2025-04-02 21:51:03,454 - INFO - ScriptRunner - [INFO] - [download_macro] - 
2025-04-02 21:51:04,070 - INFO - ScriptRunner - [INFO] - [download_macro] - 
2025-04-02 21:51:04,682 - INFO - ScriptRunner - [INFO] - [download_macro] - 
2025-04-02 21:51:05,288 - INFO - ScriptRunner - [INFO] - [download_macro] - 
2025-04-02 21:51:06,117 - INFO - ScriptRunner - [INFO] - [download_macro] - 
2025-04-02 21:51:06,627 - INFO - ScriptRunner - [INFO] - [download_macro] - 
2025-04-02 21:51:13,426 - INFO - ScriptRunner - [INFO] - [download_macro] - 
2025-04-02 21:51:14,921 - INFO - ScriptRunner - [INFO] - [download_macro] - 
2025-04-02 21:51:16,049 - INFO - ScriptRunner - [INFO] - [download_macro] - 
2025-04-02 21:51:17,384 - INFO - ScriptRunner - [INFO] - [download_macro] - 
2025-04-02 21:51:17,514 - ERROR - ScriptRunner - [ERROR] - [download_macro] - Starting download from WorldBankAPI[0m
2025-04-02 21:51:17,515 - ERROR - ScriptRunner - [ERROR] - [download_macro] - Starting download from IMFAPI[0m
2025-04-02 21:51:17,515 - ERROR - ScriptRunner - [ERROR] - [download_macro] - Starting download from OECDAPI[0m
2025-04-02 21:51:17,515 - ERROR - ScriptRunner - [ERROR] - [download_macro] - Starting download from AlphaVantageAPI[0m
2025-04-02 21:51:17,515 - ERROR - ScriptRunner - [ERROR] - [download_macro] - data fetching and saving completed.[0m
2025-04-02 21:51:17,515 - INFO - ScriptRunner - [SUCCESS] download_macro - Completed successfully.
